[0.096s] DEBUG:colcon:Command line arguments: ['/usr/bin/colcon', 'build', '--symlink-install']
[0.097s] DEBUG:colcon:Parsed command line arguments: Namespace(log_base=None, log_level=None, verb_name='build', build_base='build', install_base='install', merge_install=False, symlink_install=True, test_result_base=None, continue_on_error=False, executor='parallel', parallel_workers=3, event_handlers=None, ignore_user_meta=False, metas=['./colcon.meta'], base_paths=['.'], packages_ignore=None, packages_ignore_regex=None, paths=None, packages_up_to=None, packages_up_to_regex=None, packages_above=None, packages_above_and_dependencies=None, packages_above_depth=None, packages_select_by_dep=None, packages_skip_by_dep=None, packages_skip_up_to=None, packages_select_build_failed=False, packages_skip_build_finished=False, packages_select_test_failures=False, packages_skip_test_passed=False, packages_select=None, packages_skip=None, packages_select_regex=None, packages_skip_regex=None, packages_start=None, packages_end=None, allow_overriding=[], cmake_args=None, cmake_target=None, cmake_target_skip_unavailable=False, cmake_clean_cache=False, cmake_clean_first=False, cmake_force_configure=False, ament_cmake_args=None, catkin_cmake_args=None, catkin_skip_building_tests=False, mixin_files=None, mixin=None, verb_parser=<colcon_mixin.mixin.mixin_argument.MixinArgumentDecorator object at 0xeed6792cdf10>, verb_extension=<colcon_core.verb.build.BuildVerb object at 0xeed679c2e1b0>, main=<bound method BuildVerb.main of <colcon_core.verb.build.BuildVerb object at 0xeed679c2e1b0>>, mixin_verb=('build',))
[0.145s] Level 1:colcon.colcon_core.package_discovery:discover_packages(colcon_meta) check parameters
[0.147s] Level 1:colcon.colcon_core.package_discovery:discover_packages(recursive) check parameters
[0.147s] Level 1:colcon.colcon_core.package_discovery:discover_packages(ignore) check parameters
[0.147s] Level 1:colcon.colcon_core.package_discovery:discover_packages(path) check parameters
[0.147s] Level 1:colcon.colcon_core.package_discovery:discover_packages(colcon_meta) discover
[0.147s] Level 1:colcon.colcon_core.package_discovery:discover_packages(recursive) discover
[0.147s] INFO:colcon.colcon_core.package_discovery:Crawling recursively for packages in '/home/ubuntu/host/packages/robots/robots'
[0.154s] Level 1:colcon.colcon_core.package_identification:_identify(.) by extensions ['ignore', 'ignore_ament_install']
[0.155s] Level 1:colcon.colcon_core.package_identification:_identify(.) by extension 'ignore'
[0.155s] Level 1:colcon.colcon_core.package_identification:_identify(.) by extension 'ignore_ament_install'
[0.156s] Level 1:colcon.colcon_core.package_identification:_identify(.) by extensions ['colcon_pkg']
[0.156s] Level 1:colcon.colcon_core.package_identification:_identify(.) by extension 'colcon_pkg'
[0.156s] Level 1:colcon.colcon_core.package_identification:_identify(.) by extensions ['colcon_meta']
[0.156s] Level 1:colcon.colcon_core.package_identification:_identify(.) by extension 'colcon_meta'
[0.157s] Level 1:colcon.colcon_core.package_identification:_identify(.) by extensions ['ros']
[0.157s] Level 1:colcon.colcon_core.package_identification:_identify(.) by extension 'ros'
[0.182s] DEBUG:colcon.colcon_core.package_identification:Package '.' with type 'ros.ament_cmake' and name 'robots'
[0.182s] Level 1:colcon.colcon_core.package_discovery:discover_packages(recursive) using defaults
[0.182s] Level 1:colcon.colcon_core.package_discovery:discover_packages(ignore) discover
[0.182s] Level 1:colcon.colcon_core.package_discovery:discover_packages(ignore) using defaults
[0.182s] Level 1:colcon.colcon_core.package_discovery:discover_packages(path) discover
[0.182s] Level 1:colcon.colcon_core.package_discovery:discover_packages(path) using defaults
[0.196s] Level 1:colcon.colcon_core.package_discovery:discover_packages(prefix_path) check parameters
[0.196s] Level 1:colcon.colcon_core.package_discovery:discover_packages(prefix_path) discover
[0.199s] DEBUG:colcon.colcon_installed_package_information.package_discovery:Found 38 installed packages in /home/ubuntu/robotws/install
[0.201s] DEBUG:colcon.colcon_installed_package_information.package_discovery:Found 444 installed packages in /opt/ros/jazzy
[0.202s] Level 1:colcon.colcon_core.package_discovery:discover_packages(prefix_path) using defaults
[0.240s] Level 5:colcon.colcon_core.verb:set package 'robots' build argument 'cmake_args' from command line to 'None'
[0.240s] Level 5:colcon.colcon_core.verb:set package 'robots' build argument 'cmake_target' from command line to 'None'
[0.240s] Level 5:colcon.colcon_core.verb:set package 'robots' build argument 'cmake_target_skip_unavailable' from command line to 'False'
[0.240s] Level 5:colcon.colcon_core.verb:set package 'robots' build argument 'cmake_clean_cache' from command line to 'False'
[0.241s] Level 5:colcon.colcon_core.verb:set package 'robots' build argument 'cmake_clean_first' from command line to 'False'
[0.241s] Level 5:colcon.colcon_core.verb:set package 'robots' build argument 'cmake_force_configure' from command line to 'False'
[0.241s] Level 5:colcon.colcon_core.verb:set package 'robots' build argument 'ament_cmake_args' from command line to 'None'
[0.241s] Level 5:colcon.colcon_core.verb:set package 'robots' build argument 'catkin_cmake_args' from command line to 'None'
[0.241s] Level 5:colcon.colcon_core.verb:set package 'robots' build argument 'catkin_skip_building_tests' from command line to 'False'
[0.241s] DEBUG:colcon.colcon_core.verb:Building package 'robots' with the following arguments: {'ament_cmake_args': None, 'build_base': '/home/ubuntu/host/packages/robots/robots/build/robots', 'catkin_cmake_args': None, 'catkin_skip_building_tests': False, 'cmake_args': None, 'cmake_clean_cache': False, 'cmake_clean_first': False, 'cmake_force_configure': False, 'cmake_target': None, 'cmake_target_skip_unavailable': False, 'install_base': '/home/ubuntu/host/packages/robots/robots/install/robots', 'merge_install': False, 'path': '/home/ubuntu/host/packages/robots/robots', 'symlink_install': True, 'test_result_base': None}
[0.242s] INFO:colcon.colcon_core.executor:Executing jobs using 'parallel' executor
[0.242s] DEBUG:colcon.colcon_parallel_executor.executor.parallel:run_until_complete
[0.242s] INFO:colcon.colcon_ros.task.ament_cmake.build:Building ROS package in '/home/ubuntu/host/packages/robots/robots' with build type 'ament_cmake'
[0.243s] INFO:colcon.colcon_cmake.task.cmake.build:Building CMake package in '/home/ubuntu/host/packages/robots/robots'
[0.244s] INFO:colcon.colcon_core.plugin_system:Skipping extension 'colcon_core.shell.bat': Not used on non-Windows systems
[0.244s] INFO:colcon.colcon_core.shell:Skip shell extension 'powershell' for command environment: Not usable outside of PowerShell
[0.244s] DEBUG:colcon.colcon_core.shell:Skip shell extension 'dsv' for command environment
[0.279s] DEBUG:colcon.colcon_core.event_handler.log_command:Invoking command in '/home/ubuntu/host/packages/robots/robots/build/robots': CMAKE_PREFIX_PATH=${CMAKE_PREFIX_PATH}:/home/ubuntu/robotws/install/utils:/home/ubuntu/robotws/install/hw5code:/home/ubuntu/robotws/install/hw4code:/home/ubuntu/robotws/install/hw3code:/opt/ros/jazzy DEBUGINFOD_URLS=https://debuginfod.ubuntu.com /usr/bin/cmake /home/ubuntu/host/packages/robots/robots -DAMENT_CMAKE_SYMLINK_INSTALL=1 -DCMAKE_INSTALL_PREFIX=/home/ubuntu/host/packages/robots/robots/install/robots
[3.424s] DEBUG:colcon.colcon_core.event_handler.log_command:Invoked command in '/home/ubuntu/host/packages/robots/robots/build/robots' returned '0': CMAKE_PREFIX_PATH=${CMAKE_PREFIX_PATH}:/home/ubuntu/robotws/install/utils:/home/ubuntu/robotws/install/hw5code:/home/ubuntu/robotws/install/hw4code:/home/ubuntu/robotws/install/hw3code:/opt/ros/jazzy DEBUGINFOD_URLS=https://debuginfod.ubuntu.com /usr/bin/cmake /home/ubuntu/host/packages/robots/robots -DAMENT_CMAKE_SYMLINK_INSTALL=1 -DCMAKE_INSTALL_PREFIX=/home/ubuntu/host/packages/robots/robots/install/robots
[3.428s] DEBUG:colcon.colcon_core.event_handler.log_command:Invoking command in '/home/ubuntu/host/packages/robots/robots/build/robots': CMAKE_PREFIX_PATH=${CMAKE_PREFIX_PATH}:/home/ubuntu/robotws/install/utils:/home/ubuntu/robotws/install/hw5code:/home/ubuntu/robotws/install/hw4code:/home/ubuntu/robotws/install/hw3code:/opt/ros/jazzy DEBUGINFOD_URLS=https://debuginfod.ubuntu.com /usr/bin/cmake --build /home/ubuntu/host/packages/robots/robots/build/robots -- -j3 -l3
[3.472s] DEBUG:colcon.colcon_core.event_handler.log_command:Invoked command in '/home/ubuntu/host/packages/robots/robots/build/robots' returned '0': CMAKE_PREFIX_PATH=${CMAKE_PREFIX_PATH}:/home/ubuntu/robotws/install/utils:/home/ubuntu/robotws/install/hw5code:/home/ubuntu/robotws/install/hw4code:/home/ubuntu/robotws/install/hw3code:/opt/ros/jazzy DEBUGINFOD_URLS=https://debuginfod.ubuntu.com /usr/bin/cmake --build /home/ubuntu/host/packages/robots/robots/build/robots -- -j3 -l3
[3.483s] DEBUG:colcon.colcon_core.event_handler.log_command:Invoking command in '/home/ubuntu/host/packages/robots/robots/build/robots': CMAKE_PREFIX_PATH=${CMAKE_PREFIX_PATH}:/home/ubuntu/robotws/install/utils:/home/ubuntu/robotws/install/hw5code:/home/ubuntu/robotws/install/hw4code:/home/ubuntu/robotws/install/hw3code:/opt/ros/jazzy DEBUGINFOD_URLS=https://debuginfod.ubuntu.com /usr/bin/cmake --install /home/ubuntu/host/packages/robots/robots/build/robots
[3.606s] DEBUG:colcon.colcon_core.event_handler.log_command:Invoked command in '/home/ubuntu/host/packages/robots/robots/build/robots' returned '1': CMAKE_PREFIX_PATH=${CMAKE_PREFIX_PATH}:/home/ubuntu/robotws/install/utils:/home/ubuntu/robotws/install/hw5code:/home/ubuntu/robotws/install/hw4code:/home/ubuntu/robotws/install/hw3code:/opt/ros/jazzy DEBUGINFOD_URLS=https://debuginfod.ubuntu.com /usr/bin/cmake --install /home/ubuntu/host/packages/robots/robots/build/robots
[3.608s] Level 1:colcon.colcon_core.environment:create_environment_scripts_only(robots)
[3.610s] Level 1:colcon.colcon_core.environment:checking '/home/ubuntu/host/packages/robots/robots/install/robots' for CMake module files
[3.617s] Level 1:colcon.colcon_core.environment:checking '/home/ubuntu/host/packages/robots/robots/install/robots' for CMake config files
[3.686s] Level 1:colcon.colcon_core.environment:checking '/home/ubuntu/host/packages/robots/robots/install/robots/bin'
[3.687s] Level 1:colcon.colcon_core.environment:checking '/home/ubuntu/host/packages/robots/robots/install/robots/lib/pkgconfig/robots.pc'
[3.688s] Level 1:colcon.colcon_core.environment:checking '/home/ubuntu/host/packages/robots/robots/install/robots/lib/python3.12/site-packages'
[3.688s] Level 1:colcon.colcon_core.environment:checking '/home/ubuntu/host/packages/robots/robots/install/robots/bin'
[3.689s] INFO:colcon.colcon_core.shell:Creating package script '/home/ubuntu/host/packages/robots/robots/install/robots/share/robots/package.ps1'
[3.692s] INFO:colcon.colcon_core.shell:Creating package descriptor '/home/ubuntu/host/packages/robots/robots/install/robots/share/robots/package.dsv'
[3.694s] INFO:colcon.colcon_core.shell:Creating package script '/home/ubuntu/host/packages/robots/robots/install/robots/share/robots/package.sh'
[3.697s] INFO:colcon.colcon_core.shell:Creating package script '/home/ubuntu/host/packages/robots/robots/install/robots/share/robots/package.bash'
[3.699s] INFO:colcon.colcon_core.shell:Creating package script '/home/ubuntu/host/packages/robots/robots/install/robots/share/robots/package.zsh'
[3.702s] Level 1:colcon.colcon_core.environment:create_file_with_runtime_dependencies(/home/ubuntu/host/packages/robots/robots/install/robots/share/colcon-core/packages/robots)
[3.734s] DEBUG:colcon.colcon_parallel_executor.executor.parallel:closing loop
[3.734s] DEBUG:colcon.colcon_parallel_executor.executor.parallel:loop closed
[3.734s] DEBUG:colcon.colcon_parallel_executor.executor.parallel:run_until_complete finished with '1'
[3.735s] DEBUG:colcon.colcon_core.event_reactor:joining thread
[3.751s] INFO:colcon.colcon_core.plugin_system:Skipping extension 'colcon_notification.desktop_notification.terminal_notifier': Not used on non-Darwin systems
[3.751s] INFO:colcon.colcon_core.plugin_system:Skipping extension 'colcon_notification.desktop_notification.win32': Not used on non-Windows systems
[3.751s] INFO:colcon.colcon_notification.desktop_notification:Sending desktop notification using 'notify2'
[3.772s] DEBUG:colcon.colcon_core.event_reactor:joined thread
[3.773s] INFO:colcon.colcon_core.shell:Creating prefix script '/home/ubuntu/host/packages/robots/robots/install/local_setup.ps1'
[3.784s] INFO:colcon.colcon_core.shell:Creating prefix util module '/home/ubuntu/host/packages/robots/robots/install/_local_setup_util_ps1.py'
[3.788s] INFO:colcon.colcon_core.shell:Creating prefix chain script '/home/ubuntu/host/packages/robots/robots/install/setup.ps1'
[3.791s] INFO:colcon.colcon_core.shell:Creating prefix script '/home/ubuntu/host/packages/robots/robots/install/local_setup.sh'
[3.796s] INFO:colcon.colcon_core.shell:Creating prefix util module '/home/ubuntu/host/packages/robots/robots/install/_local_setup_util_sh.py'
[3.799s] INFO:colcon.colcon_core.shell:Creating prefix chain script '/home/ubuntu/host/packages/robots/robots/install/setup.sh'
[3.802s] INFO:colcon.colcon_core.shell:Creating prefix script '/home/ubuntu/host/packages/robots/robots/install/local_setup.bash'
[3.805s] INFO:colcon.colcon_core.shell:Creating prefix chain script '/home/ubuntu/host/packages/robots/robots/install/setup.bash'
[3.808s] INFO:colcon.colcon_core.shell:Creating prefix script '/home/ubuntu/host/packages/robots/robots/install/local_setup.zsh'
[3.810s] INFO:colcon.colcon_core.shell:Creating prefix chain script '/home/ubuntu/host/packages/robots/robots/install/setup.zsh'
