[0.054s] Invoking command in '/home/ubuntu/host/packages/project_ws/build/robots': CMAKE_PREFIX_PATH=${CMAKE_PREFIX_PATH}:/home/ubuntu/robotws/install/utils:/home/ubuntu/robotws/install/hw7code:/home/ubuntu/robotws/install/hw6code:/home/ubuntu/robotws/install/hw5code:/home/ubuntu/robotws/install/hw4code:/home/ubuntu/robotws/install/hw3code:/opt/ros/jazzy DEBUGINFOD_URLS=https://debuginfod.ubuntu.com /usr/bin/cmake /home/ubuntu/host/packages/project_ws/src/robots -DAMENT_CMAKE_SYMLINK_INSTALL=1 -DCMAKE_INSTALL_PREFIX=/home/ubuntu/host/packages/project_ws/install/robots
[0.247s] -- The C compiler identification is GNU 13.3.0
[0.383s] -- The CXX compiler identification is GNU 13.3.0
[0.416s] -- Detecting C compiler ABI info
[0.729s] -- Detecting C compiler ABI info - done
[0.752s] -- Check for working C compiler: /usr/bin/cc - skipped
[0.752s] -- Detecting C compile features
[0.753s] -- Detecting C compile features - done
[0.774s] -- Detecting CXX compiler ABI info
[1.074s] -- Detecting CXX compiler ABI info - done
[1.105s] -- Check for working CXX compiler: /usr/bin/c++ - skipped
[1.106s] -- Detecting CXX compile features
[1.107s] -- Detecting CXX compile features - done
[1.135s] -- Found ament_cmake: 2.5.4 (/opt/ros/jazzy/share/ament_cmake/cmake)
[1.275s] -- Found Python3: /usr/bin/python3 (found version "3.12.3") found components: Interpreter 
[1.358s] -- Override CMake install command with custom implementation using symlinks instead of copying resources
[1.641s] -- Found ament_lint_auto: 0.17.3 (/opt/ros/jazzy/share/ament_lint_auto/cmake)
[4.285s] -- Added test 'cppcheck' to perform static code analysis on C / C++ code
[4.286s] -- Configured cppcheck include dirs: 
[4.286s] -- Configured cppcheck exclude dirs and/or files: 
[4.520s] -- Added test 'flake8' to check Python code syntax and style conventions
[4.521s] -- Configured 'flake8' exclude dirs and/or files: 
[4.919s] -- Added test 'lint_cmake' to check CMake code style
[5.110s] -- Added test 'pep257' to check Python code against some of the docstring style conventions in PEP 257
[6.614s] -- Added test 'uncrustify' to check C / C++ code style
[6.614s] -- Configured uncrustify additional arguments: 
[6.820s] -- Added test 'xmllint' to check XML markup files
[6.866s] -- Configuring done (6.8s)
[6.994s] -- Generating done (0.1s)
[7.046s] -- Build files have been written to: /home/ubuntu/host/packages/project_ws/build/robots
